<?xml version="1.0" encoding="UTF-8" ?>
<testsuites>
<testsuite name="inputs tests" errors="0" tests="1" failures="1" time="0.011" timestamp="2014-04-15T19:10:47">
  <testcase classname="inputs tests" name="encountered a declaration exception" time="0.011"><failure type="expect" message="TypeError: object is not a function">TypeError: object is not a function
    at null.&amp;lt;anonymous&amp;gt; (c:\Users\SR71042\Documents\GitHub\DependencyLanguage\jasmine\spec\angular\vTextSpec.js:3:16)
    at jasmine.Env.describe (c:\Users\SR71042\Documents\GitHub\DependencyLanguage\node_modules\grunt-jasmine-node\node_modules\jasmine-node\lib\jasmine-node/jasmine-1.3.1.js:819:21)
    at describe (c:\Users\SR71042\Documents\GitHub\DependencyLanguage\node_modules\grunt-jasmine-node\node_modules\jasmine-node\lib\jasmine-node/jasmine-1.3.1.js:603:27)
    at Object.&amp;lt;anonymous&amp;gt; (c:\Users\SR71042\Documents\GitHub\DependencyLanguage\jasmine\spec\angular\vTextSpec.js:1:63)
    at Module._compile (module.js:456:26)
    at Object.Module._extensions..js (module.js:474:10)
    at Module.load (module.js:356:32)
    at Function.Module._load (module.js:312:12)
    at Module.require (module.js:364:17)
    at require (module.js:380:17)</failure></testcase>
</testsuite>
</testsuites>