<?xml version="1.0" encoding="UTF-8" ?>
<testsuites>
<testsuite name="calculatorTest" errors="0" tests="2" failures="0" time="0.025" timestamp="2014-04-15T19:10:47">
  <testcase classname="calculatorTest" name="should parse expressions without variables" time="0.018"></testcase>
  <testcase classname="calculatorTest" name="should parse expressions with variables" time="0.007"></testcase>
</testsuite>
</testsuites>