<?xml version="1.0" encoding="UTF-8" ?>
<testsuites>
<testsuite name="calculatorTest" errors="0" tests="2" failures="0" time="0.027" timestamp="2014-04-10T11:01:29">
  <testcase classname="calculatorTest" name="should parse expressions without variables" time="0.019"></testcase>
  <testcase classname="calculatorTest" name="should parse expressions with variables" time="0.008"></testcase>
</testsuite>
</testsuites>