<?xml version="1.0" encoding="UTF-8" ?>
<testsuites>
<testsuite name="Tests for node-handlers" errors="0" tests="4" failures="1" time="0.015" timestamp="2014-04-15T19:10:47">
  <testcase classname="Tests for node-handlers" name="should handle math operations and long, double, string and array data types" time="0.014"></testcase>
  <testcase classname="Tests for node-handlers" name="should set a variable" time="0"></testcase>
  <testcase classname="Tests for node-handlers" name="should call a variable" time="0.001"></testcase>
  <testcase classname="Tests for node-handlers" name="should call a function" time="0"><failure type="expect" message="TypeError: Object x has no method &amp;apos;join&amp;apos;">TypeError: Object x has no method &amp;apos;join&amp;apos;
    at Object.NodeHandlers.CallFunction (c:\Users\SR71042\Documents\GitHub\DependencyLanguage\public\scripts\graph-dev\node-handlers.js:76:41)
    at null.&amp;lt;anonymous&amp;gt; (c:\Users\SR71042\Documents\GitHub\DependencyLanguage\jasmine\spec\node\nodeHandlersSpec.js:71:38)
    at jasmine.Block.execute (c:\Users\SR71042\Documents\GitHub\DependencyLanguage\node_modules\grunt-jasmine-node\node_modules\jasmine-node\lib\jasmine-node/jasmine-1.3.1.js:1064:17)
    at jasmine.Queue.next_ (c:\Users\SR71042\Documents\GitHub\DependencyLanguage\node_modules\grunt-jasmine-node\node_modules\jasmine-node\lib\jasmine-node/jasmine-1.3.1.js:2096:31)
    at jasmine.Queue.start (c:\Users\SR71042\Documents\GitHub\DependencyLanguage\node_modules\grunt-jasmine-node\node_modules\jasmine-node\lib\jasmine-node/jasmine-1.3.1.js:2049:8)
    at jasmine.Spec.execute (c:\Users\SR71042\Documents\GitHub\DependencyLanguage\node_modules\grunt-jasmine-node\node_modules\jasmine-node\lib\jasmine-node/jasmine-1.3.1.js:2376:14)
    at jasmine.Queue.next_ (c:\Users\SR71042\Documents\GitHub\DependencyLanguage\node_modules\grunt-jasmine-node\node_modules\jasmine-node\lib\jasmine-node/jasmine-1.3.1.js:2096:31)
    at jasmine.Queue.start (c:\Users\SR71042\Documents\GitHub\DependencyLanguage\node_modules\grunt-jasmine-node\node_modules\jasmine-node\lib\jasmine-node/jasmine-1.3.1.js:2049:8)
    at jasmine.Suite.execute (c:\Users\SR71042\Documents\GitHub\DependencyLanguage\node_modules\grunt-jasmine-node\node_modules\jasmine-node\lib\jasmine-node/jasmine-1.3.1.js:2521:14)
    at jasmine.Queue.next_ (c:\Users\SR71042\Documents\GitHub\DependencyLanguage\node_modules\grunt-jasmine-node\node_modules\jasmine-node\lib\jasmine-node/jasmine-1.3.1.js:2096:31)</failure></testcase>
</testsuite>
</testsuites>