<?xml version="1.0" encoding="UTF-8" ?>
<testsuites>
<testsuite name="VariableRegistry" errors="0" tests="2" failures="0" time="0" timestamp="2014-04-15T18:05:12">
  <testcase classname="VariableRegistry" name="tracks that the spy was called" time="0"></testcase>
  <testcase classname="VariableRegistry" name="tracks all the arguments of its calls" time="0"></testcase>
</testsuite>
</testsuites>