<?xml version="1.0" encoding="UTF-8" ?>
<testsuites>
<testsuite name="functionTest-a2l" errors="0" tests="1" failures="0" time="0" timestamp="2014-04-10T11:01:29">
  <testcase classname="functionTest-a2l" name="should create a list from one array" time="0"></testcase>
</testsuite>
</testsuites>