<?xml version="1.0" encoding="UTF-8" ?>
<testsuites>
<testsuite name="calculatorTest" errors="0" tests="2" failures="0" time="0.011" timestamp="2014-04-03T17:45:58">
  <testcase classname="calculatorTest" name="should parse expressions without variables" time="0.008"></testcase>
  <testcase classname="calculatorTest" name="should parse expressions with variables" time="0.002"></testcase>
</testsuite>
</testsuites>