<?xml version="1.0" encoding="UTF-8" ?>
<testsuites>
<<<<<<< HEAD
<testsuite name="functionTest-a2l" errors="0" tests="1" failures="0" time="0" timestamp="2014-04-02T23:17:29">
=======
<testsuite name="functionTest-a2l" errors="0" tests="1" failures="0" time="0" timestamp="2014-04-02T23:09:04">
>>>>>>> c5e4bd7f48570192b29b115a3d8859c216d1d452
  <testcase classname="functionTest-a2l" name="should create a list from one array" time="0"></testcase>
</testsuite>
</testsuites>