<?xml version="1.0" encoding="UTF-8" ?>
<testsuites>
<<<<<<< HEAD
<testsuite name="calculatorTest" errors="0" tests="2" failures="0" time="0.016" timestamp="2014-04-02T23:17:29">
  <testcase classname="calculatorTest" name="should parse expressions without variables" time="0.014"></testcase>
=======
<testsuite name="calculatorTest" errors="0" tests="2" failures="0" time="0.007" timestamp="2014-04-02T23:09:04">
  <testcase classname="calculatorTest" name="should parse expressions without variables" time="0.006"></testcase>
>>>>>>> c5e4bd7f48570192b29b115a3d8859c216d1d452
  <testcase classname="calculatorTest" name="should parse expressions with variables" time="0.001"></testcase>
</testsuite>
</testsuites>