<?xml version="1.0" encoding="UTF-8" ?>
<testsuites>
<testsuite name="Tests for node-handlers" errors="0" tests="4" failures="0" time="0.018" timestamp="2014-04-15T18:05:12">
  <testcase classname="Tests for node-handlers" name="should handle math operations and long, double, string and array data types" time="0.017"></testcase>
  <testcase classname="Tests for node-handlers" name="should set a variable" time="0"></testcase>
  <testcase classname="Tests for node-handlers" name="should call a variable" time="0.001"></testcase>
  <testcase classname="Tests for node-handlers" name="should call a function" time="0"></testcase>
</testsuite>
</testsuites>