<?xml version="1.0" encoding="UTF-8" ?>
<testsuites>
<testsuite name="calculatorTest" errors="0" tests="2" failures="0" time="0.029" timestamp="2014-04-15T18:05:12">
  <testcase classname="calculatorTest" name="should parse expressions without variables" time="0.02"></testcase>
  <testcase classname="calculatorTest" name="should parse expressions with variables" time="0.008"></testcase>
</testsuite>
</testsuites>